#set( $symbol_pound = '#' )
#set( $symbol_dollar = '$' )
#set( $symbol_escape = '\' )
<?xml version="1.0" encoding="UTF-8"?>
<!-- Generated by org.testng.reporters.JUnitReportReporter -->
<testsuite skipped="0" hostname="ATMECSINLT-002" name="${package}.testscenario.TestScenaio" tests="1" failures="0" timestamp="2019-10-31T19:36:32 IST" time="20.241" errors="0">
  <testcase name="setBrowser" time="20.241" classname="${package}.testscenario.TestScenaio"/>
</testsuite> <!-- ${package}.testscenario.TestScenaio -->
